{"/Users/aliraza/projects/kinwin.js/src/core/manipulator.ts": {"path":"/Users/aliraza/projects/kinwin.js/src/core/manipulator.ts","statementMap":{"0":{"start":{"line":1,"column":0},"end":{"line":1,"column":38}},"1":{"start":{"line":8,"column":33},"end":{"line":8,"column":58}},"2":{"start":{"line":9,"column":4},"end":{"line":9,"column":29}},"3":{"start":{"line":10,"column":4},"end":{"line":10,"column":27}},"4":{"start":{"line":18,"column":4},"end":{"line":20,"column":5}},"5":{"start":{"line":19,"column":6},"end":{"line":19,"column":58}},"6":{"start":{"line":22,"column":4},"end":{"line":30,"column":7}},"7":{"start":{"line":23,"column":6},"end":{"line":29,"column":7}},"8":{"start":{"line":24,"column":8},"end":{"line":24,"column":43}},"9":{"start":{"line":26,"column":8},"end":{"line":28,"column":11}},"10":{"start":{"line":27,"column":10},"end":{"line":27,"column":41}},"11":{"start":{"line":32,"column":4},"end":{"line":32,"column":16}},"12":{"start":{"line":39,"column":4},"end":{"line":41,"column":5}},"13":{"start":{"line":40,"column":6},"end":{"line":40,"column":47}},"14":{"start":{"line":43,"column":4},"end":{"line":45,"column":7}},"15":{"start":{"line":44,"column":6},"end":{"line":44,"column":34}},"16":{"start":{"line":47,"column":4},"end":{"line":47,"column":16}},"17":{"start":{"line":52,"column":4},"end":{"line":54,"column":7}},"18":{"start":{"line":53,"column":6},"end":{"line":53,"column":39}},"19":{"start":{"line":55,"column":4},"end":{"line":55,"column":16}},"20":{"start":{"line":59,"column":4},"end":{"line":61,"column":7}},"21":{"start":{"line":60,"column":6},"end":{"line":60,"column":42}},"22":{"start":{"line":62,"column":4},"end":{"line":62,"column":16}},"23":{"start":{"line":70,"column":4},"end":{"line":72,"column":7}},"24":{"start":{"line":71,"column":6},"end":{"line":71,"column":64}},"25":{"start":{"line":73,"column":4},"end":{"line":73,"column":16}},"26":{"start":{"line":3,"column":0},"end":{"line":3,"column":13}},"27":{"start":{"line":78,"column":18},"end":{"line":78,"column":68}},"28":{"start":{"line":78,"column":48},"end":{"line":78,"column":68}},"29":{"start":{"line":78,"column":13},"end":{"line":78,"column":18}}},"fnMap":{"0":{"name":"(anonymous_0)","decl":{"start":{"line":7,"column":2},"end":{"line":7,"column":14}},"loc":{"start":{"line":7,"column":30},"end":{"line":11,"column":3}}},"1":{"name":"(anonymous_1)","decl":{"start":{"line":17,"column":2},"end":{"line":17,"column":6}},"loc":{"start":{"line":17,"column":60},"end":{"line":33,"column":3}}},"2":{"name":"(anonymous_2)","decl":{"start":{"line":22,"column":26},"end":{"line":22,"column":33}},"loc":{"start":{"line":22,"column":36},"end":{"line":30,"column":5}}},"3":{"name":"(anonymous_3)","decl":{"start":{"line":26,"column":37},"end":{"line":26,"column":38}},"loc":{"start":{"line":26,"column":52},"end":{"line":28,"column":9}}},"4":{"name":"(anonymous_4)","decl":{"start":{"line":38,"column":2},"end":{"line":38,"column":6}},"loc":{"start":{"line":38,"column":23},"end":{"line":48,"column":3}}},"5":{"name":"(anonymous_5)","decl":{"start":{"line":43,"column":26},"end":{"line":43,"column":33}},"loc":{"start":{"line":43,"column":36},"end":{"line":45,"column":5}}},"6":{"name":"(anonymous_6)","decl":{"start":{"line":51,"column":2},"end":{"line":51,"column":10}},"loc":{"start":{"line":51,"column":28},"end":{"line":56,"column":3}}},"7":{"name":"(anonymous_7)","decl":{"start":{"line":52,"column":26},"end":{"line":52,"column":33}},"loc":{"start":{"line":52,"column":36},"end":{"line":54,"column":5}}},"8":{"name":"(anonymous_8)","decl":{"start":{"line":58,"column":2},"end":{"line":58,"column":13}},"loc":{"start":{"line":58,"column":31},"end":{"line":63,"column":3}}},"9":{"name":"(anonymous_9)","decl":{"start":{"line":59,"column":26},"end":{"line":59,"column":33}},"loc":{"start":{"line":59,"column":36},"end":{"line":61,"column":5}}},"10":{"name":"(anonymous_10)","decl":{"start":{"line":66,"column":2},"end":{"line":66,"column":4}},"loc":{"start":{"line":68,"column":52},"end":{"line":74,"column":3}}},"11":{"name":"(anonymous_11)","decl":{"start":{"line":70,"column":26},"end":{"line":70,"column":33}},"loc":{"start":{"line":70,"column":36},"end":{"line":72,"column":5}}},"12":{"name":"(anonymous_12)","decl":{"start":{"line":78,"column":18},"end":{"line":78,"column":19}},"loc":{"start":{"line":78,"column":48},"end":{"line":78,"column":68}}}},"branchMap":{"0":{"loc":{"start":{"line":18,"column":4},"end":{"line":20,"column":5}},"type":"if","locations":[{"start":{"line":18,"column":4},"end":{"line":20,"column":5}}]},"1":{"loc":{"start":{"line":18,"column":8},"end":{"line":18,"column":55}},"type":"binary-expr","locations":[{"start":{"line":18,"column":8},"end":{"line":18,"column":32}},{"start":{"line":18,"column":36},"end":{"line":18,"column":55}}]},"2":{"loc":{"start":{"line":19,"column":13},"end":{"line":19,"column":57}},"type":"binary-expr","locations":[{"start":{"line":19,"column":13},"end":{"line":19,"column":49}},{"start":{"line":19,"column":53},"end":{"line":19,"column":57}}]},"3":{"loc":{"start":{"line":23,"column":6},"end":{"line":29,"column":7}},"type":"if","locations":[{"start":{"line":23,"column":6},"end":{"line":29,"column":7}},{"start":{"line":25,"column":13},"end":{"line":29,"column":7}}]},"4":{"loc":{"start":{"line":39,"column":4},"end":{"line":41,"column":5}},"type":"if","locations":[{"start":{"line":39,"column":4},"end":{"line":41,"column":5}}]},"5":{"loc":{"start":{"line":40,"column":13},"end":{"line":40,"column":46}},"type":"binary-expr","locations":[{"start":{"line":40,"column":13},"end":{"line":40,"column":40}},{"start":{"line":40,"column":44},"end":{"line":40,"column":46}}]}},"s":{"0":1,"1":8,"2":8,"3":8,"4":3,"5":1,"6":2,"7":2,"8":1,"9":1,"10":2,"11":2,"12":2,"13":1,"14":1,"15":1,"16":1,"17":1,"18":1,"19":1,"20":1,"21":1,"22":1,"23":1,"24":1,"25":1,"26":1,"27":1,"28":8,"29":1},"f":{"0":8,"1":3,"2":2,"3":2,"4":2,"5":1,"6":1,"7":1,"8":1,"9":1,"10":1,"11":1,"12":8},"b":{"0":[1],"1":[3,2],"2":[1,0],"3":[1,1],"4":[1],"5":[1,0]}}
,"/Users/aliraza/projects/kinwin.js/src/core/selector.ts": {"path":"/Users/aliraza/projects/kinwin.js/src/core/selector.ts","statementMap":{"0":{"start":{"line":18,"column":17},"end":{"line":18,"column":44}},"1":{"start":{"line":19,"column":18},"end":{"line":19,"column":35}},"2":{"start":{"line":20,"column":19},"end":{"line":20,"column":71}},"3":{"start":{"line":23,"column":19},"end":{"line":23,"column":31}},"4":{"start":{"line":25,"column":4},"end":{"line":31,"column":5}},"5":{"start":{"line":26,"column":22},"end":{"line":26,"column":60}},"6":{"start":{"line":27,"column":6},"end":{"line":27,"column":42}},"7":{"start":{"line":29,"column":26},"end":{"line":29,"column":57}},"8":{"start":{"line":30,"column":6},"end":{"line":30,"column":40}},"9":{"start":{"line":33,"column":4},"end":{"line":33,"column":32}},"10":{"start":{"line":8,"column":0},"end":{"line":8,"column":13}},"11":{"start":{"line":9,"column":26},"end":{"line":15,"column":4}}},"fnMap":{"0":{"name":"(anonymous_0)","decl":{"start":{"line":17,"column":2},"end":{"line":17,"column":8}},"loc":{"start":{"line":17,"column":32},"end":{"line":34,"column":3}}}},"branchMap":{"0":{"loc":{"start":{"line":20,"column":19},"end":{"line":20,"column":71}},"type":"binary-expr","locations":[{"start":{"line":20,"column":19},"end":{"line":20,"column":44}},{"start":{"line":20,"column":48},"end":{"line":20,"column":71}}]},"1":{"loc":{"start":{"line":25,"column":4},"end":{"line":31,"column":5}},"type":"if","locations":[{"start":{"line":25,"column":4},"end":{"line":31,"column":5}},{"start":{"line":28,"column":11},"end":{"line":31,"column":5}}]},"2":{"loc":{"start":{"line":27,"column":17},"end":{"line":27,"column":41}},"type":"cond-expr","locations":[{"start":{"line":27,"column":27},"end":{"line":27,"column":36}},{"start":{"line":27,"column":39},"end":{"line":27,"column":41}}]}},"s":{"0":14,"1":14,"2":14,"3":14,"4":14,"5":10,"6":10,"7":4,"8":4,"9":14,"10":2,"11":2},"f":{"0":14},"b":{"0":[14,0],"1":[10,4],"2":[9,1]}}
}
