TN:
SF:src/core/manipulator.ts
FN:7,(anonymous_0)
FN:17,(anonymous_1)
FN:22,(anonymous_2)
FN:26,(anonymous_3)
FN:38,(anonymous_4)
FN:43,(anonymous_5)
FN:51,(anonymous_6)
FN:52,(anonymous_7)
FN:58,(anonymous_8)
FN:59,(anonymous_9)
FN:66,(anonymous_10)
FN:70,(anonymous_11)
FN:78,(anonymous_12)
FNF:13
FNH:13
FNDA:8,(anonymous_0)
FNDA:3,(anonymous_1)
FNDA:2,(anonymous_2)
FNDA:2,(anonymous_3)
FNDA:2,(anonymous_4)
FNDA:1,(anonymous_5)
FNDA:1,(anonymous_6)
FNDA:1,(anonymous_7)
FNDA:1,(anonymous_8)
FNDA:1,(anonymous_9)
FNDA:1,(anonymous_10)
FNDA:1,(anonymous_11)
FNDA:8,(anonymous_12)
DA:1,1
DA:3,1
DA:8,8
DA:9,8
DA:10,8
DA:18,3
DA:19,1
DA:22,2
DA:23,2
DA:24,1
DA:26,1
DA:27,2
DA:32,2
DA:39,2
DA:40,1
DA:43,1
DA:44,1
DA:47,1
DA:52,1
DA:53,1
DA:55,1
DA:59,1
DA:60,1
DA:62,1
DA:70,1
DA:71,1
DA:73,1
DA:78,8
LF:28
LH:28
BRDA:18,0,0,1
BRDA:18,1,0,3
BRDA:18,1,1,2
BRDA:19,2,0,1
BRDA:19,2,1,0
BRDA:23,3,0,1
BRDA:23,3,1,1
BRDA:39,4,0,1
BRDA:40,5,0,1
BRDA:40,5,1,0
BRF:10
BRH:8
end_of_record
TN:
SF:src/core/selector.ts
FN:17,(anonymous_0)
FNF:1
FNH:1
FNDA:14,(anonymous_0)
DA:8,2
DA:9,2
DA:18,14
DA:19,14
DA:20,14
DA:23,14
DA:25,14
DA:26,10
DA:27,10
DA:29,4
DA:30,4
DA:33,14
LF:12
LH:12
BRDA:20,0,0,14
BRDA:20,0,1,0
BRDA:25,1,0,10
BRDA:25,1,1,4
BRDA:27,2,0,9
BRDA:27,2,1,1
BRF:6
BRH:5
end_of_record
